<?xml version="1.0" encoding="UTF-8"?>
<!-- Generated by org.testng.reporters.JUnitXMLReporter -->
<testsuite ignored="0" hostname="TTLe-PC3" failures="0" tests="8" name="Test" time="35.108" errors="0" timestamp="2022-02-15T12:02:37 ICT">
  <testcase classname="testscript.testcases" name="@AfterTest cleanEnvironment" time="-1.644901357797E9">
    <failure type="org.testng.TestNGException" message="
Can inject only one of &amp;lt;ITestContext, XmlTest&amp;gt; into a @AfterTest annotated cleanEnvironment.
For more information on native dependency injection please refer to https://testng.org/doc/documentation-main.html#native-dependency-injection">
      <![CDATA[org.testng.TestNGException: 
Can inject only one of <ITestContext, XmlTest> into a @AfterTest annotated cleanEnvironment.
For more information on native dependency injection please refer to https://testng.org/doc/documentation-main.html#native-dependency-injection
... Removed 21 stack frames]]>
    </failure>
  </testcase> <!-- @AfterTest cleanEnvironment -->
  <testcase classname="testscript.testcases" name="Step01" time="2.311"/>
  <testcase classname="testscript.testcases" name="Step02" time="0.582"/>
  <testcase classname="testscript.testcases" name="Step03" time="13.419"/>
  <testcase classname="testscript.testcases" name="Step04" time="4.085"/>
  <testcase classname="testscript.testcases" name="Step05" time="0.042"/>
  <testcase classname="testscript.testcases" name="Step06" time="4.537"/>
  <testcase classname="testscript.testcases" name="Step07" time="4.21"/>
  <testcase classname="testscript.testcases" name="Step08" time="2.214"/>
</testsuite> <!-- Test -->
