<?xml version="1.0" encoding="UTF-8"?>
<testng-results ignored="0" total="8" passed="8" failed="0" skipped="0">
  <reporter-output>
  </reporter-output>
  <suite started-at="2022-02-15T12:02:02 ICT" name="Suite" finished-at="2022-02-15T12:02:37 ICT" duration-ms="35108">
    <groups>
    </groups>
    <test started-at="2022-02-15T12:02:02 ICT" name="Test" finished-at="2022-02-15T12:02:37 ICT" duration-ms="35108">
      <class name="testscript.testcases">
        <test-method is-config="true" signature="settingEnvironment(java.lang.String,java.lang.String)[pri:0, instance:testscript.testcases@4803b726]" started-at="2022-02-15T12:02:02 ICT" name="settingEnvironment" finished-at="2022-02-15T12:02:06 ICT" duration-ms="3683" status="PASS">
          <params>
            <param index="0">
              <value>
                <![CDATA[chrome]]>
              </value>
            </param>
            <param index="1">
              <value>
                <![CDATA[https://aspireapp.odoo.com/]]>
              </value>
            </param>
          </params>
          <reporter-output>
          </reporter-output>
        </test-method> <!-- settingEnvironment -->
        <test-method signature="Step01(java.lang.String,java.lang.String)[pri:0, instance:testscript.testcases@4803b726]" started-at="2022-02-15T12:02:06 ICT" name="Step01" finished-at="2022-02-15T12:02:08 ICT" duration-ms="2311" status="PASS">
          <params>
            <param index="0">
              <value>
                <![CDATA[user@aspireapp.com]]>
              </value>
            </param>
            <param index="1">
              <value>
                <![CDATA[@sp1r3app]]>
              </value>
            </param>
          </params>
          <reporter-output>
          </reporter-output>
        </test-method> <!-- Step01 -->
        <test-method signature="Step02()[pri:0, instance:testscript.testcases@4803b726]" started-at="2022-02-15T12:02:08 ICT" name="Step02" finished-at="2022-02-15T12:02:09 ICT" duration-ms="582" status="PASS">
          <reporter-output>
          </reporter-output>
        </test-method> <!-- Step02 -->
        <test-method signature="Step03(java.lang.String,java.lang.String)[pri:0, instance:testscript.testcases@4803b726]" started-at="2022-02-15T12:02:09 ICT" name="Step03" finished-at="2022-02-15T12:02:22 ICT" duration-ms="13419" status="PASS">
          <params>
            <param index="0">
              <value>
                <![CDATA[Product test 1]]>
              </value>
            </param>
            <param index="1">
              <value>
                <![CDATA[Testing Product]]>
              </value>
            </param>
          </params>
          <reporter-output>
          </reporter-output>
        </test-method> <!-- Step03 -->
        <test-method signature="Step04(java.lang.String)[pri:0, instance:testscript.testcases@4803b726]" started-at="2022-02-15T12:02:22 ICT" name="Step04" finished-at="2022-02-15T12:02:26 ICT" duration-ms="4085" status="PASS">
          <params>
            <param index="0">
              <value>
                <![CDATA[12.00]]>
              </value>
            </param>
          </params>
          <reporter-output>
          </reporter-output>
        </test-method> <!-- Step04 -->
        <test-method signature="Step05()[pri:0, instance:testscript.testcases@4803b726]" started-at="2022-02-15T12:02:26 ICT" name="Step05" finished-at="2022-02-15T12:02:26 ICT" duration-ms="42" status="PASS">
          <reporter-output>
          </reporter-output>
        </test-method> <!-- Step05 -->
        <test-method signature="Step06(java.lang.String,java.lang.String)[pri:0, instance:testscript.testcases@4803b726]" started-at="2022-02-15T12:02:26 ICT" name="Step06" finished-at="2022-02-15T12:02:31 ICT" duration-ms="4537" status="PASS">
          <params>
            <param index="0">
              <value>
                <![CDATA[Product test 1]]>
              </value>
            </param>
            <param index="1">
              <value>
                <![CDATA[Testing Product]]>
              </value>
            </param>
          </params>
          <reporter-output>
          </reporter-output>
        </test-method> <!-- Step06 -->
        <test-method signature="Step07()[pri:0, instance:testscript.testcases@4803b726]" started-at="2022-02-15T12:02:31 ICT" name="Step07" finished-at="2022-02-15T12:02:35 ICT" duration-ms="4210" status="PASS">
          <reporter-output>
          </reporter-output>
        </test-method> <!-- Step07 -->
        <test-method signature="Step08(java.lang.String,java.lang.String)[pri:0, instance:testscript.testcases@4803b726]" started-at="2022-02-15T12:02:35 ICT" name="Step08" finished-at="2022-02-15T12:02:37 ICT" duration-ms="2214" status="PASS">
          <params>
            <param index="0">
              <value>
                <![CDATA[Product test 1]]>
              </value>
            </param>
            <param index="1">
              <value>
                <![CDATA[Testing Product]]>
              </value>
            </param>
          </params>
          <reporter-output>
          </reporter-output>
        </test-method> <!-- Step08 -->
        <test-method is-config="true" signature="cleanEnvironment(java.lang.String,java.lang.String)[pri:0, instance:testscript.testcases@4803b726]" started-at="2022-02-15T12:02:37 ICT" name="cleanEnvironment" finished-at="1970-01-01T08:00:00 ICT" duration-ms="-1644901357797" status="FAIL">
          <exception class="org.testng.TestNGException">
            <message>
              <![CDATA[
Can inject only one of <ITestContext, XmlTest> into a @AfterTest annotated cleanEnvironment.
For more information on native dependency injection please refer to https://testng.org/doc/documentation-main.html#native-dependency-injection]]>
            </message>
            <full-stacktrace>
              <![CDATA[org.testng.TestNGException: 
Can inject only one of <ITestContext, XmlTest> into a @AfterTest annotated cleanEnvironment.
For more information on native dependency injection please refer to https://testng.org/doc/documentation-main.html#native-dependency-injection
at org.testng.internal.Parameters.checkParameterTypes(Parameters.java:439)
at org.testng.internal.Parameters.createParametersForMethod(Parameters.java:353)
at org.testng.internal.Parameters.createParameters(Parameters.java:708)
at org.testng.internal.Parameters.createConfigurationParameters(Parameters.java:168)
at org.testng.internal.ConfigInvoker.invokeConfigurations(ConfigInvoker.java:302)
at org.testng.TestRunner.invokeTestConfigurations(TestRunner.java:637)
at org.testng.TestRunner.afterRun(TestRunner.java:877)
at org.testng.TestRunner.run(TestRunner.java:599)
at org.testng.SuiteRunner.runTest(SuiteRunner.java:377)
at org.testng.SuiteRunner.runSequentially(SuiteRunner.java:371)
at org.testng.SuiteRunner.privateRun(SuiteRunner.java:332)
at org.testng.SuiteRunner.run(SuiteRunner.java:276)
at org.testng.SuiteRunnerWorker.runSuite(SuiteRunnerWorker.java:53)
at org.testng.SuiteRunnerWorker.run(SuiteRunnerWorker.java:96)
at org.testng.TestNG.runSuitesSequentially(TestNG.java:1212)
at org.testng.TestNG.runSuitesLocally(TestNG.java:1134)
at org.testng.TestNG.runSuites(TestNG.java:1063)
at org.testng.TestNG.run(TestNG.java:1031)
at org.testng.remote.AbstractRemoteTestNG.run(AbstractRemoteTestNG.java:115)
at org.testng.remote.RemoteTestNG.initAndRun(RemoteTestNG.java:251)
at org.testng.remote.RemoteTestNG.main(RemoteTestNG.java:77)
]]>
            </full-stacktrace>
          </exception> <!-- org.testng.TestNGException -->
          <reporter-output>
          </reporter-output>
        </test-method> <!-- cleanEnvironment -->
      </class> <!-- testscript.testcases -->
    </test> <!-- Test -->
  </suite> <!-- Suite -->
</testng-results>
